<?xml version="1.0" encoding="UTF-8"?>
<testsuite xmlns:xsi="http://www.w3.org/2001/XMLSchema-instance" xsi:noNamespaceSchemaLocation="https://maven.apache.org/surefire/maven-surefire-plugin/xsd/surefire-test-report-3.0.xsd" version="3.0" name="com.personal_project.Next_to_read.NextToReadApplicationTests" time="6.461" tests="1" errors="0" skipped="0" failures="0">
  <properties>
[...]
</properties>
  <testcase name="contextLoads" classname="com.personal_project.Next_to_read.NextToReadApplicationTests" time="0.326">
    <system-out><![CDATA[14:52:01.774 [main] INFO org.springframework.test.context.support.AnnotationConfigContextLoaderUtils -- Could not detect default configuration classes for test class [com.personal_project.Next_to_read.NextToReadApplicationTests]: NextToReadApplicationTests does not declare any static, non-private, non-final, nested classes annotated with @Configuration.
14:52:01.853 [main] INFO org.springframework.boot.test.context.SpringBootTestContextBootstrapper -- Found @SpringBootConfiguration com.personal_project.Next_to_read.NextToReadApplication for test class com.personal_project.Next_to_read.NextToReadApplicationTests

  .   ____          _            __ _ _
 /\\ / ___'_ __ _ _(_)_ __  __ _ \ \ \ \
( ( )\___ | '_ | '_| | '_ \/ _` | \ \ \ \
 \\/  ___)| |_)| | | | | || (_| |  ) ) ) )
  '  |____| .__|_| |_|_| |_\__, | / / / /
 =========|_|==============|___/=/_/_/_/

 :: Spring Boot ::                (v3.3.3)

2024-10-13T14:52:02.149+08:00  INFO 4909 --- [Next-to-read] [           main] c.p.N.NextToReadApplicationTests         : Starting NextToReadApplicationTests using Java 17.0.11 with PID 4909 (started by user in /Users/user/repo/NetToRead)
2024-10-13T14:52:02.150+08:00  INFO 4909 --- [Next-to-read] [           main] c.p.N.NextToReadApplicationTests         : No active profile set, falling back to 1 default profile: "default"
2024-10-13T14:52:02.760+08:00  INFO 4909 --- [Next-to-read] [           main] .s.d.r.c.RepositoryConfigurationDelegate : Multiple Spring Data modules found, entering strict repository configuration mode
2024-10-13T14:52:02.760+08:00  INFO 4909 --- [Next-to-read] [           main] .s.d.r.c.RepositoryConfigurationDelegate : Bootstrapping Spring Data JDBC repositories in DEFAULT mode.
2024-10-13T14:52:02.783+08:00  INFO 4909 --- [Next-to-read] [           main] .RepositoryConfigurationExtensionSupport : Spring Data JDBC - Could not safely identify store assignment for repository candidate interface com.personal_project.Next_to_read.repository.BookCommentSqlRepository; If you want this repository to be a JDBC repository, consider annotating your entities with one of these annotations: org.springframework.data.relational.core.mapping.Table.
2024-10-13T14:52:02.784+08:00  INFO 4909 --- [Next-to-read] [           main] .RepositoryConfigurationExtensionSupport : Spring Data JDBC - Could not safely identify store assignment for repository candidate interface com.personal_project.Next_to_read.repository.BookInfoRepository; If you want this repository to be a JDBC repository, consider annotating your entities with one of these annotations: org.springframework.data.relational.core.mapping.Table.
2024-10-13T14:52:02.785+08:00  INFO 4909 --- [Next-to-read] [           main] .RepositoryConfigurationExtensionSupport : Spring Data JDBC - Could not safely identify store assignment for repository candidate interface com.personal_project.Next_to_read.repository.QuoteRepository; If you want this repository to be a JDBC repository, consider annotating your entities with one of these annotations: org.springframework.data.relational.core.mapping.Table.
2024-10-13T14:52:02.786+08:00  INFO 4909 --- [Next-to-read] [           main] .RepositoryConfigurationExtensionSupport : Spring Data JDBC - Could not safely identify store assignment for repository candidate interface com.personal_project.Next_to_read.repository.UserBookshelfSqlRepository; If you want this repository to be a JDBC repository, consider annotating your entities with one of these annotations: org.springframework.data.relational.core.mapping.Table.
2024-10-13T14:52:02.787+08:00  INFO 4909 --- [Next-to-read] [           main] .RepositoryConfigurationExtensionSupport : Spring Data JDBC - Could not safely identify store assignment for repository candidate interface com.personal_project.Next_to_read.repository.UserRepository; If you want this repository to be a JDBC repository, consider annotating your entities with one of these annotations: org.springframework.data.relational.core.mapping.Table.
2024-10-13T14:52:02.787+08:00  INFO 4909 --- [Next-to-read] [           main] .s.d.r.c.RepositoryConfigurationDelegate : Finished Spring Data repository scanning in 24 ms. Found 0 JDBC repository interfaces.
2024-10-13T14:52:02.795+08:00  INFO 4909 --- [Next-to-read] [           main] .s.d.r.c.RepositoryConfigurationDelegate : Multiple Spring Data modules found, entering strict repository configuration mode
2024-10-13T14:52:02.795+08:00  INFO 4909 --- [Next-to-read] [           main] .s.d.r.c.RepositoryConfigurationDelegate : Bootstrapping Spring Data JPA repositories in DEFAULT mode.
2024-10-13T14:52:02.884+08:00  INFO 4909 --- [Next-to-read] [           main] .s.d.r.c.RepositoryConfigurationDelegate : Finished Spring Data repository scanning in 86 ms. Found 5 JPA repository interfaces.
2024-10-13T14:52:02.895+08:00  INFO 4909 --- [Next-to-read] [           main] .s.d.r.c.RepositoryConfigurationDelegate : Multiple Spring Data modules found, entering strict repository configuration mode
2024-10-13T14:52:02.896+08:00  INFO 4909 --- [Next-to-read] [           main] .s.d.r.c.RepositoryConfigurationDelegate : Bootstrapping Spring Data Redis repositories in DEFAULT mode.
2024-10-13T14:52:02.904+08:00  INFO 4909 --- [Next-to-read] [           main] .RepositoryConfigurationExtensionSupport : Spring Data Redis - Could not safely identify store assignment for repository candidate interface com.personal_project.Next_to_read.repository.BookCommentSqlRepository; If you want this repository to be a Redis repository, consider annotating your entities with one of these annotations: org.springframework.data.redis.core.RedisHash (preferred), or consider extending one of the following types with your repository: org.springframework.data.keyvalue.repository.KeyValueRepository
2024-10-13T14:52:02.904+08:00  INFO 4909 --- [Next-to-read] [           main] .RepositoryConfigurationExtensionSupport : Spring Data Redis - Could not safely identify store assignment for repository candidate interface com.personal_project.Next_to_read.repository.BookInfoRepository; If you want this repository to be a Redis repository, consider annotating your entities with one of these annotations: org.springframework.data.redis.core.RedisHash (preferred), or consider extending one of the following types with your repository: org.springframework.data.keyvalue.repository.KeyValueRepository
2024-10-13T14:52:02.904+08:00  INFO 4909 --- [Next-to-read] [           main] .RepositoryConfigurationExtensionSupport : Spring Data Redis - Could not safely identify store assignment for repository candidate interface com.personal_project.Next_to_read.repository.QuoteRepository; If you want this repository to be a Redis repository, consider annotating your entities with one of these annotations: org.springframework.data.redis.core.RedisHash (preferred), or consider extending one of the following types with your repository: org.springframework.data.keyvalue.repository.KeyValueRepository
2024-10-13T14:52:02.905+08:00  INFO 4909 --- [Next-to-read] [           main] .RepositoryConfigurationExtensionSupport : Spring Data Redis - Could not safely identify store assignment for repository candidate interface com.personal_project.Next_to_read.repository.UserBookshelfSqlRepository; If you want this repository to be a Redis repository, consider annotating your entities with one of these annotations: org.springframework.data.redis.core.RedisHash (preferred), or consider extending one of the following types with your repository: org.springframework.data.keyvalue.repository.KeyValueRepository
2024-10-13T14:52:02.905+08:00  INFO 4909 --- [Next-to-read] [           main] .RepositoryConfigurationExtensionSupport : Spring Data Redis - Could not safely identify store assignment for repository candidate interface com.personal_project.Next_to_read.repository.UserRepository; If you want this repository to be a Redis repository, consider annotating your entities with one of these annotations: org.springframework.data.redis.core.RedisHash (preferred), or consider extending one of the following types with your repository: org.springframework.data.keyvalue.repository.KeyValueRepository
2024-10-13T14:52:02.905+08:00  INFO 4909 --- [Next-to-read] [           main] .s.d.r.c.RepositoryConfigurationDelegate : Finished Spring Data repository scanning in 4 ms. Found 0 Redis repository interfaces.
2024-10-13T14:52:03.251+08:00  INFO 4909 --- [Next-to-read] [           main] o.hibernate.jpa.internal.util.LogHelper  : HHH000204: Processing PersistenceUnitInfo [name: default]
2024-10-13T14:52:03.291+08:00  INFO 4909 --- [Next-to-read] [           main] org.hibernate.Version                    : HHH000412: Hibernate ORM core version 6.5.2.Final
2024-10-13T14:52:03.323+08:00  INFO 4909 --- [Next-to-read] [           main] o.h.c.internal.RegionFactoryInitiator    : HHH000026: Second-level cache disabled
2024-10-13T14:52:03.518+08:00  INFO 4909 --- [Next-to-read] [           main] o.s.o.j.p.SpringPersistenceUnitInfo      : No LoadTimeWeaver setup: ignoring JPA class transformer
2024-10-13T14:52:03.536+08:00  INFO 4909 --- [Next-to-read] [           main] com.zaxxer.hikari.HikariDataSource       : HikariPool-1 - Starting...
2024-10-13T14:52:04.274+08:00  INFO 4909 --- [Next-to-read] [           main] com.zaxxer.hikari.pool.HikariPool        : HikariPool-1 - Added connection com.mysql.cj.jdbc.ConnectionImpl@5a583720
2024-10-13T14:52:04.276+08:00  INFO 4909 --- [Next-to-read] [           main] com.zaxxer.hikari.HikariDataSource       : HikariPool-1 - Start completed.
2024-10-13T14:52:05.054+08:00  INFO 4909 --- [Next-to-read] [           main] o.h.e.t.j.p.i.JtaPlatformInitiator       : HHH000489: No JTA platform available (set 'hibernate.transaction.jta.platform' to enable JTA platform integration)
2024-10-13T14:52:06.265+08:00  INFO 4909 --- [Next-to-read] [           main] j.LocalContainerEntityManagerFactoryBean : Initialized JPA EntityManagerFactory for persistence unit 'default'
2024-10-13T14:52:06.572+08:00  INFO 4909 --- [Next-to-read] [           main] o.s.d.j.r.query.QueryEnhancerFactory     : Hibernate is in classpath; If applicable, HQL parser will be used.
2024-10-13T14:52:06.975+08:00 DEBUG 4909 --- [Next-to-read] [           main] i.l.c.r.AddressResolverGroupProvider     : Starting without optional netty's non-blocking DNS resolver library
2024-10-13T14:52:06.976+08:00 DEBUG 4909 --- [Next-to-read] [           main] i.l.c.resource.DefaultClientResources    : -Dio.netty.eventLoopThreads: 8
2024-10-13T14:52:06.981+08:00 DEBUG 4909 --- [Next-to-read] [           main] i.l.c.r.DefaultEventLoopGroupProvider    : Creating executor io.netty.util.concurrent.DefaultEventExecutorGroup
2024-10-13T14:52:07.021+08:00 DEBUG 4909 --- [Next-to-read] [           main] i.l.core.event.jfr.EventRecorderHolder   : Starting with JFR support
2024-10-13T14:52:07.026+08:00 DEBUG 4909 --- [Next-to-read] [           main] i.l.c.resource.DefaultClientResources    : LatencyUtils/HdrUtils are not available, metrics are disabled
2024-10-13T14:52:07.170+08:00  WARN 4909 --- [Next-to-read] [           main] JpaBaseConfiguration$JpaWebConfiguration : spring.jpa.open-in-view is enabled by default. Therefore, database queries may be performed during view rendering. Explicitly configure spring.jpa.open-in-view to disable this warning
2024-10-13T14:52:07.194+08:00  WARN 4909 --- [Next-to-read] [           main] .s.s.UserDetailsServiceAutoConfiguration : 

Using generated security password: ffd32256-cd61-48b5-a6ff-7b386b3532c3

This generated password is for development use only. Your security configuration must be updated before running your application in production.

2024-10-13T14:52:07.200+08:00  INFO 4909 --- [Next-to-read] [           main] r$InitializeUserDetailsManagerConfigurer : Global AuthenticationManager configured with UserDetailsService bean with name inMemoryUserDetailsManager
2024-10-13T14:52:07.338+08:00  INFO 4909 --- [Next-to-read] [           main] o.s.b.a.w.s.WelcomePageHandlerMapping    : Adding welcome page: class path resource [static/index.html]
2024-10-13T14:52:07.681+08:00 DEBUG 4909 --- [Next-to-read] [           main] o.s.d.r.l.RedisMessageListenerContainer  : Starting RedisMessageListenerContainer...
2024-10-13T14:52:07.681+08:00 DEBUG 4909 --- [Next-to-read] [           main] o.s.d.r.l.RedisMessageListenerContainer  : Postpone listening for Redis messages until actual listeners are added
2024-10-13T14:52:07.736+08:00  INFO 4909 --- [Next-to-read] [           main] c.p.N.NextToReadApplicationTests         : Started NextToReadApplicationTests in 5.767 seconds (process running for 6.595)
]]></system-out>
  </testcase>
</testsuite>